<?xml version="1.0" encoding="UTF-8"?>
<testng-results ignored="0" total="1" passed="1" failed="0" skipped="0">
  <reporter-output>
  </reporter-output>
  <suite started-at="2026-01-11T20:34:35 IST" name="Suite" finished-at="2026-01-11T20:34:46 IST" duration-ms="11153">
    <groups>
    </groups>
    <test started-at="2026-01-11T20:34:35 IST" name="Test" finished-at="2026-01-11T20:34:46 IST" duration-ms="11153">
      <class name="tests.urltest">
        <test-method is-config="true" signature="setup()[pri:0, instance:tests.urltest@17046283]" started-at="2026-01-11T20:34:35 IST" name="setup" finished-at="2026-01-11T20:34:44 IST" duration-ms="9062" status="PASS">
          <reporter-output>
          </reporter-output>
        </test-method> <!-- setup -->
        <test-method signature="verifyGoogleTitle()[pri:0, instance:tests.urltest@17046283]" started-at="2026-01-11T20:34:44 IST" name="verifyGoogleTitle" finished-at="2026-01-11T20:34:46 IST" duration-ms="1324" status="PASS">
          <reporter-output>
          </reporter-output>
        </test-method> <!-- verifyGoogleTitle -->
        <test-method is-config="true" signature="tearDown()[pri:0, instance:tests.urltest@17046283]" started-at="2026-01-11T20:34:46 IST" name="tearDown" finished-at="2026-01-11T20:34:46 IST" duration-ms="677" status="PASS">
          <reporter-output>
          </reporter-output>
        </test-method> <!-- tearDown -->
      </class> <!-- tests.urltest -->
    </test> <!-- Test -->
  </suite> <!-- Suite -->
</testng-results>
